Script started on Sun Feb 23 21:20:58 2025
Command: npm run ios --reset-cache

> walletia@1.0.0 ios
> expo run:ios

[?25l[36m⠋[39m [1mInstalling CocoaPods...[22m[2K[1G[36m⠙[39m [1mInstalling CocoaPods...[22m[2K[1G[36m⠹[39m [1mInstalling CocoaPods...[22m[2K[1G[36m⠸[39m [1mInstalling CocoaPods...[22m[2K[1G[36m⠼[39m [1mInstalling CocoaPods...[22m[2K[1G[36m⠴[39m [1mInstalling CocoaPods...[22m[2K[1G[36m⠦[39m [1mInstalling CocoaPods...[22m[2K[1G[36m⠧[39m [1mInstalling CocoaPods...[22m[2K[1G[36m⠇[39m [1mInstalling CocoaPods...[22m[2K[1G[36m⠏[39m [1mInstalling CocoaPods...[22m[2K[1G[36m⠋[39m [1mInstalling CocoaPods...[22m[2K[1G[36m⠙[39m [1mInstalling CocoaPods...[22m[2K[1G[36m⠹[39m [1mInstalling CocoaPods...[22m[2K[1G[36m⠸[39m [1mInstalling CocoaPods...[22m[2K[1G[36m⠼[39m [1mInstalling CocoaPods...[22m[2K[1G[36m⠴[39m [1mInstalling CocoaPods...[22m[2K[1G[36m⠦[39m [1mInstalling CocoaPods...[22m[2K[1G[36m⠧[39m [1mInstalling CocoaPods...[22m[2K[1G[36m⠇[39m [1mInstalling CocoaPods...[22m[2K[1G[36m⠏[39m [1mInstalling CocoaPods...[22m[2K[1G[36m⠋[39m [1mInstalling CocoaPods...[22m[2K[1G[36m⠙[39m [1mInstalling CocoaPods...[22m[2K[1G[36m⠹[39m [1mInstalling CocoaPods...[22m[2K[1G[36m⠸[39m [1mInstalling CocoaPods...[22m[2K[1G[36m⠼[39m [1mInstalling CocoaPods...[22m[2K[1G[36m⠴[39m [1mInstalling CocoaPods...[22m[2K[1G[36m⠦[39m [1mInstalling CocoaPods...[22m[2K[1G[36m⠧[39m [1mInstalling CocoaPods...[22m[2K[1G[36m⠇[39m [1mInstalling CocoaPods...[22m[2K[1G[36m⠏[39m [1mInstalling CocoaPods...[22m[2K[1G[36m⠋[39m [1mInstalling CocoaPods...[22m[2K[1G[36m⠙[39m [1mInstalling CocoaPods...[22m[2K[1G[36m⠹[39m [1mInstalling CocoaPods...[22m[2K[1G[36m⠸[39m [1mInstalling CocoaPods...[22m[2K[1G[36m⠼[39m [1mInstalling CocoaPods...[22m[2K[1G[36m⠴[39m [1mInstalling CocoaPods...[22m[2K[1G[36m⠦[39m [1mInstalling CocoaPods...[22m[2K[1G[36m⠧[39m [1mInstalling CocoaPods...[22m[2K[1G[36m⠇[39m [1mInstalling CocoaPods...[22m[2K[1G[36m⠏[39m [1mInstalling CocoaPods...[22m[2K[1G[36m⠋[39m [1mInstalling CocoaPods...[22m[2K[1G[36m⠙[39m [1mInstalling CocoaPods...[22m[2K[1G[36m⠹[39m [1mInstalling CocoaPods...[22m[2K[1G[36m⠸[39m [1mInstalling CocoaPods...[22m[2K[1G[36m⠼[39m [1mInstalling CocoaPods...[22m[2K[1G[36m⠴[39m [1mInstalling CocoaPods...[22m[2K[1G[36m⠦[39m [1mInstalling CocoaPods...[22m[2K[1G[36m⠧[39m [1mInstalling CocoaPods...[22m[2K[1G[36m⠇[39m [1mInstalling CocoaPods...[22m[2K[1G[36m⠏[39m [1mInstalling CocoaPods...[22m[2K[1G[36m⠋[39m [1mInstalling CocoaPods...[22m[2K[1G[36m⠙[39m [1mInstalling CocoaPods...[22m[2K[1G[36m⠹[39m [1mInstalling CocoaPods...[22m[2K[1G[36m⠸[39m [1mInstalling CocoaPods...[22m[2K[1G[36m⠼[39m [1mInstalling CocoaPods...[22m[2K[1G[36m⠴[39m [1mInstalling CocoaPods...[22m[2K[1G[36m⠦[39m [1mInstalling CocoaPods...[22m[2K[1G[36m⠧[39m [1mInstalling CocoaPods...[22m[2K[1G[36m⠇[39m [1mInstalling CocoaPods...[22m[2K[1G[36m⠏[39m [1mInstalling CocoaPods...[22m[2K[1G[36m⠋[39m [1mInstalling CocoaPods...[22m[2K[1G[36m⠙[39m [1mInstalling CocoaPods...[22m[2K[1G[36m⠹[39m [1mInstalling CocoaPods...[22m[2K[1G[36m⠸[39m [1mInstalling CocoaPods...[22m[2K[1G[36m⠼[39m [1mInstalling CocoaPods...[22m[2K[1G[36m⠴[39m [1mInstalling CocoaPods...[22m[2K[1G[36m⠦[39m [1mInstalling CocoaPods...[22m[2K[1G[36m⠧[39m [1mInstalling CocoaPods...[22m[2K[1G[36m⠇[39m [1mInstalling CocoaPods...[22m[2K[1G[36m⠏[39m [1mInstalling CocoaPods...[22m[2K[1G[36m⠋[39m [1mInstalling CocoaPods...[22m[2K[1G[36m⠙[39m [1mInstalling CocoaPods...[22m[2K[1G[36m⠹[39m [1mInstalling CocoaPods...[22m[2K[1G[36m⠸[39m [1mInstalling CocoaPods...[22m[2K[1G[36m⠼[39m [1mInstalling CocoaPods...[22m[2K[1G[36m⠴[39m [1mInstalling CocoaPods...[22m[2K[1G[36m⠦[39m [1mInstalling CocoaPods...[22m[2K[1G[36m⠧[39m [1mInstalling CocoaPods...[22m[2K[1G[36m⠇[39m [1mInstalling CocoaPods...[22m[2K[1G[36m⠏[39m [1mInstalling CocoaPods...[22m[2K[1G[36m⠋[39m [1mInstalling CocoaPods...[22m[2K[1G[36m⠙[39m [1mInstalling CocoaPods...[22m[2K[1G[36m⠹[39m [1mInstalling CocoaPods...[22m[2K[1G[36m⠸[39m [1mInstalling CocoaPods...[22m[2K[1G[36m⠼[39m [1mInstalling CocoaPods...[22m[2K[1G[36m⠴[39m [1mInstalling CocoaPods...[22m[2K[1G[36m⠦[39m [1mInstalling CocoaPods...[22m[2K[1G[36m⠧[39m [1mInstalling CocoaPods...[22m[2K[1G[36m⠇[39m [1mInstalling CocoaPods...[22m[2K[1G[36m⠏[39m [1mInstalling CocoaPods...[22m[2K[1G[36m⠋[39m [1mInstalling CocoaPods...[22m[2K[1G[36m⠙[39m [1mInstalling CocoaPods...[22m[2K[1G[36m⠹[39m [1mInstalling CocoaPods...[22m[2K[1G[36m⠸[39m [1mInstalling CocoaPods...[22m[2K[1G[36m⠼[39m [1mInstalling CocoaPods...[22m[2K[1G[36m⠴[39m [1mInstalling CocoaPods...[22m[2K[1G[36m⠦[39m [1mInstalling CocoaPods...[22m[2K[1G[36m⠧[39m [1mInstalling CocoaPods...[22m[2K[1G[36m⠇[39m [1mInstalling CocoaPods...[22m[2K[1G[36m⠏[39m [1mInstalling CocoaPods...[22m[2K[1G[36m⠋[39m [1mInstalling CocoaPods...[22m[2K[1G[36m⠙[39m [1mInstalling CocoaPods...[22m[2K[1G[36m⠹[39m [1mInstalling CocoaPods...[22m[2K[1G[36m⠸[39m [1mInstalling CocoaPods...[22m[2K[1G[36m⠼[39m [1mInstalling CocoaPods...[22m[2K[1G[36m⠴[39m [1mInstalling CocoaPods...[22m[2K[1G[36m⠦[39m [1mInstalling CocoaPods...[22m[2K[1G[36m⠧[39m [1mInstalling CocoaPods...[22m[2K[1G[36m⠇[39m [1mInstalling CocoaPods...[22m[2K[1G[36m⠏[39m [1mInstalling CocoaPods...[22m[2K[1G[36m⠋[39m [1mInstalling CocoaPods...[22m[2K[1G[36m⠙[39m [1mInstalling CocoaPods...[22m[2K[1G[36m⠹[39m [1mInstalling CocoaPods...[22m[2K[1G[36m⠸[39m [1mInstalling CocoaPods...[22m[2K[1G[36m⠼[39m [1mInstalling CocoaPods...[22m[2K[1G[36m⠴[39m [1mInstalling CocoaPods...[22m[2K[1G[36m⠦[39m [1mInstalling CocoaPods...[22m[2K[1G[36m⠧[39m [1mInstalling CocoaPods...[22m[2K[1G[36m⠇[39m [1mInstalling CocoaPods...[22m[2K[1G[36m⠏[39m [1mInstalling CocoaPods...[22m[2K[1G[36m⠋[39m [1mInstalling CocoaPods...[22m[2K[1G[36m⠙[39m [1mInstalling CocoaPods...[22m[2K[1G[36m⠹[39m [1mInstalling CocoaPods...[22m[2K[1G[36m⠸[39m [1mInstalling CocoaPods...[22m[2K[1G[36m⠼[39m [1mInstalling CocoaPods...[22m[2K[1G[36m⠴[39m [1mInstalling CocoaPods...[22m[2K[1G[36m⠦[39m [1mInstalling CocoaPods...[22m[2K[1G[36m⠧[39m [1mInstalling CocoaPods...[22m[2K[1G[36m⠇[39m [1mInstalling CocoaPods...[22m[2K[1G[36m⠏[39m [1mInstalling CocoaPods...[22m[2K[1G[36m⠋[39m [1mInstalling CocoaPods...[22m[2K[1G[36m⠙[39m [1mInstalling CocoaPods...[22m[2K[1G[36m⠹[39m [1mInstalling CocoaPods...[22m[2K[1G[36m⠸[39m [1mInstalling CocoaPods...[22m[2K[1G[36m⠼[39m [1mInstalling CocoaPods...[22m[2K[1G[36m⠴[39m [1mInstalling CocoaPods...[22m[2K[1G[36m⠦[39m [1mInstalling CocoaPods...[22m[2K[1G[36m⠧[39m [1mInstalling CocoaPods...[22m[2K[1G[36m⠇[39m [1mInstalling CocoaPods...[22m[2K[1G[36m⠏[39m [1mInstalling CocoaPods...[22m[2K[1G[36m⠋[39m [1mInstalling CocoaPods...[22m[2K[1G[36m⠙[39m [1mInstalling CocoaPods...[22m[2K[1G[36m⠹[39m [1mInstalling CocoaPods...[22m[2K[1G[36m⠸[39m [1mInstalling CocoaPods...[22m[2K[1G[36m⠼[39m [1mInstalling CocoaPods...[22m[2K[1G[36m⠴[39m [1mInstalling CocoaPods...[22m[2K[1G[36m⠦[39m [1mInstalling CocoaPods...[22m[2K[1G[36m⠧[39m [1mInstalling CocoaPods...[22m[2K[1G[36m⠇[39m [1mInstalling CocoaPods...[22m[2K[1G[36m⠏[39m [1mInstalling CocoaPods...[22m[2K[1G[36m⠋[39m [1mInstalling CocoaPods...[22m[2K[1G[36m⠙[39m [1mInstalling CocoaPods...[22m[2K[1G[36m⠹[39m [1mInstalling CocoaPods...[22m[2K[1G[36m⠸[39m [1mInstalling CocoaPods...[22m[2K[1G[36m⠼[39m [1mInstalling CocoaPods...[22m[2K[1G[36m⠴[39m [1mInstalling CocoaPods...[22m[2K[1G[36m⠦[39m [1mInstalling CocoaPods...[22m[2K[1G[36m⠧[39m [1mInstalling CocoaPods...[22m[2K[1G[36m⠇[39m [1mInstalling CocoaPods...[22m[2K[1G[36m⠏[39m [1mInstalling CocoaPods...[22m[2K[1G[36m⠋[39m [1mInstalling CocoaPods...[22m[2K[1G[36m⠙[39m [1mInstalling CocoaPods...[22m[2K[1G[36m⠹[39m [1mInstalling CocoaPods...[22m[2K[1G[36m⠸[39m [1mInstalling CocoaPods...[22m[2K[1G[36m⠼[39m [1mInstalling CocoaPods...[22m[2K[1G[36m⠴[39m [1mInstalling CocoaPods...[22m[2K[1G[36m⠦[39m [1mInstalling CocoaPods...[22m[2K[1G[36m⠧[39m [1mInstalling CocoaPods...[22m[2K[1G[36m⠇[39m [1mInstalling CocoaPods...[22m[2K[1G[36m⠏[39m [1mInstalling CocoaPods...[22m[2K[1G[36m⠋[39m [1mInstalling CocoaPods...[22m[2K[1G[36m⠙[39m [1mInstalling CocoaPods...[22m[2K[1G[36m⠹[39m [1mInstalling CocoaPods...[22m[2K[1G[36m⠸[39m [1mInstalling CocoaPods...[22m[2K[1G[36m⠼[39m [1mInstalling CocoaPods...[22m[2K[1G[36m⠴[39m [1mInstalling CocoaPods...[22m[2K[1G[36m⠦[39m [1mInstalling CocoaPods...[22m[2K[1G[36m⠧[39m [1mInstalling CocoaPods...[22m[2K[1G[36m⠇[39m [1mInstalling CocoaPods...[22m[2K[1G[36m⠏[39m [1mInstalling CocoaPods...[22m[2K[1G[36m⠋[39m [1mInstalling CocoaPods...[22m[2K[1G[36m⠙[39m [1mInstalling CocoaPods...[22m[2K[1G[36m⠹[39m [1mInstalling CocoaPods...[22m[2K[1G[36m⠸[39m [1mInstalling CocoaPods...[22m[2K[1G[36m⠼[39m [1mInstalling CocoaPods...[22m[2K[1G[36m⠴[39m [1mInstalling CocoaPods...[22m[2K[1G[36m⠦[39m [1mInstalling CocoaPods...[22m[2K[1G[36m⠧[39m [1mInstalling CocoaPods...[22m[2K[1G[36m⠇[39m [1mInstalling CocoaPods...[22m[2K[1G[36m⠏[39m [1mInstalling CocoaPods...[22m[2K[1G[36m⠋[39m [1mInstalling CocoaPods...[22m[2K[1G[36m⠙[39m [1mInstalling CocoaPods...[22m[2K[1G[36m⠹[39m [1mInstalling CocoaPods...[22m[2K[1G[36m⠸[39m [1mInstalling CocoaPods...[22m[2K[1G[?25h[32m✔[39m Installed CocoaPods
[97m›[39m [1mPlanning build[22m
[37m›[39m [1mPreparing[22m Pods/glog-glog_privacy » ResourceBundle-glog_privacy-glog-Info.plist
[37m›[39m [1mPreparing[22m Pods/RCT-Folly-RCT-Folly_privacy » ResourceBundle-RCT-Folly_privacy-RCT-Folly-Info.plist
[37m›[39m [1mExecuting[22m [36mreact-native[39m Pods/hermes-engine » [CP-User] [Hermes] Replace Hermes for the right configuration, if needed
[37m›[39m [1mPreparing[22m Pods/expo-dev-menu-EXDevMenu » ResourceBundle-EXDevMenu-expo-dev-menu-Info.plist
[37m›[39m [1mPreparing[22m Pods/boost-boost_privacy » ResourceBundle-boost_privacy-boost-Info.plist
[37m›[39m [1mPreparing[22m Pods/RNPermissions-RNPermissionsPrivacyInfo » ResourceBundle-RNPermissionsPrivacyInfo-RNPermissions-Info.plist
[37m›[39m [1mPreparing[22m Pods/RNCAsyncStorage-RNCAsyncStorage_resources » ResourceBundle-RNCAsyncStorage_resources-RNCAsyncStorage-Info.plist
[37m›[39m [1mPreparing[22m Pods/ExpoFileSystem-ExpoFileSystem_privacy » ResourceBundle-ExpoFileSystem_privacy-ExpoFileSystem-Info.plist
[37m›[39m [1mPreparing[22m Pods/expo-dev-launcher-EXDevLauncher » ResourceBundle-EXDevLauncher-expo-dev-launcher-Info.plist
[37m›[39m [1mPreparing[22m Pods/React-cxxreact-React-cxxreact_privacy » ResourceBundle-React-cxxreact_privacy-React-cxxreact-Info.plist
[37m›[39m [1mPreparing[22m Pods/React-Core-React-Core_privacy » ResourceBundle-React-Core_privacy-React-Core-Info.plist
[37m›[39m [1mPreparing[22m Pods/ExpoSystemUI-ExpoSystemUI_privacy » ResourceBundle-ExpoSystemUI_privacy-ExpoSystemUI-Info.plist
[37m›[39m [1mPreparing[22m Pods/EXConstants-ExpoConstants_privacy » ResourceBundle-ExpoConstants_privacy-EXConstants-Info.plist
[37m›[39m [1mPreparing[22m [36mexpo-constants[39m Pods/EXConstants-EXConstants » ResourceBundle-EXConstants-EXConstants-Info.plist
[37m›[39m [1mExecuting[22m [36mexpo-dev-menu-interface[39m Pods/expo-dev-menu-interface » Copy generated compatibility header
[37m›[39m [1mExecuting[22m [36mreact-native[39m Pods/hermes-engine » [CP] Copy XCFrameworks
[37m›[39m [1mExecuting[22m [36mreact-native[39m Pods/React-Fabric » [CP-User] [RN]Check rncore
[37m›[39m [1mExecuting[22m [36mwalletia[39m Pods/ReactCodegen » [CP-User] Generate Specs
[37m›[39m [1mCompiling[22m [36mwalletia[39m Pods/ReactCodegen » safeareacontextJSI-generated.cpp
[37m›[39m [1mCompiling[22m [36mwalletia[39m Pods/ReactCodegen » safeareacontext-generated.mm
[37m›[39m [1mCompiling[22m [36mwalletia[39m Pods/ReactCodegen » rnscreensJSI-generated.cpp
[37m›[39m [1mCompiling[22m [36mwalletia[39m Pods/ReactCodegen » rnscreens-generated.mm
[37m›[39m [1mCompiling[22m [36mwalletia[39m Pods/ReactCodegen » rngesturehandler_codegenJSI-generated.cpp
[37m›[39m [1mCompiling[22m [36mwalletia[39m Pods/ReactCodegen » rngesturehandler_codegen-generated.mm
[37m›[39m [1mCompiling[22m [36mwalletia[39m Pods/ReactCodegen » rnasyncstorageJSI-generated.cpp
[37m›[39m [1mCompiling[22m [36mwalletia[39m Pods/ReactCodegen » rnasyncstorage-generated.mm
[37m›[39m [1mCompiling[22m [36mwalletia[39m Pods/ReactCodegen » States.cpp
[37m›[39m [1mCompiling[22m [36mwalletia[39m Pods/ReactCodegen » States.cpp
[37m›[39m [1mCompiling[22m [36mwalletia[39m Pods/ReactCodegen » States.cpp
[37m›[39m [1mCompiling[22m [36mwalletia[39m Pods/ReactCodegen » States.cpp
[37m›[39m [1mCompiling[22m [36mwalletia[39m Pods/ReactCodegen » ShadowNodes.cpp
[37m›[39m [1mCompiling[22m [36mwalletia[39m Pods/ReactCodegen » ShadowNodes.cpp
[37m›[39m [1mCompiling[22m [36mwalletia[39m Pods/ReactCodegen » ShadowNodes.cpp
[37m›[39m [1mCompiling[22m [36mwalletia[39m Pods/ReactCodegen » ShadowNodes.cpp
[37m›[39m [1mCompiling[22m [36mwalletia[39m Pods/ReactCodegen » RNVectorIconsSpecJSI-generated.cpp
[37m›[39m [1mCompiling[22m [36mwalletia[39m Pods/ReactCodegen » RNVectorIconsSpec-generated.mm
[37m›[39m [1mCompiling[22m [36mwalletia[39m Pods/ReactCodegen » RNPermissionsSpecJSI-generated.cpp
[37m›[39m [1mCompiling[22m [36mwalletia[39m Pods/ReactCodegen » RNPermissionsSpec-generated.mm
[37m›[39m [1mCompiling[22m [36mwalletia[39m Pods/ReactCodegen » RNEdgeToEdgeJSI-generated.cpp
[37m›[39m [1mCompiling[22m [36mwalletia[39m Pods/ReactCodegen » RNEdgeToEdge-generated.mm
[37m›[39m [1mCompiling[22m [36mwalletia[39m Pods/ReactCodegen » RCTModulesConformingToProtocolsProvider.mm
[37m›[39m [1mCompiling[22m [36mwalletia[39m Pods/ReactCodegen » Props.cpp
[37m›[39m [1mCompiling[22m [36mwalletia[39m Pods/ReactCodegen » Props.cpp
[37m›[39m [1mCompiling[22m [36mwalletia[39m Pods/ReactCodegen » Props.cpp
[37m›[39m [1mCompiling[22m [36mwalletia[39m Pods/ReactCodegen » Props.cpp
[37m›[39m [1mCompiling[22m [36mwalletia[39m Pods/ReactCodegen » FBReactNativeSpecJSI-generated.cpp
[37m›[39m [1mCompiling[22m [36mwalletia[39m Pods/ReactCodegen » FBReactNativeSpec-generated.mm
[37m›[39m [1mCompiling[22m [36mwalletia[39m Pods/ReactCodegen » EventEmitters.cpp
[37m›[39m [1mCompiling[22m [36mwalletia[39m Pods/ReactCodegen » EventEmitters.cpp
[37m›[39m [1mCompiling[22m [36mwalletia[39m Pods/ReactCodegen » EventEmitters.cpp
[37m›[39m [1mCompiling[22m [36mwalletia[39m Pods/ReactCodegen » EventEmitters.cpp
[37m›[39m [1mCompiling[22m [36mwalletia[39m Pods/ReactCodegen » ComponentDescriptors.cpp
[37m›[39m [1mCompiling[22m [36mwalletia[39m Pods/ReactCodegen » ComponentDescriptors.cpp
[37m›[39m [1mCompiling[22m [36mwalletia[39m Pods/ReactCodegen » ComponentDescriptors.cpp
[37m›[39m [1mCompiling[22m [36mwalletia[39m Pods/ReactCodegen » ComponentDescriptors.cpp
[37m›[39m [1mCompiling[22m [36mreact-native[39m Pods/React-RCTSettings » RCTSettingsManager.mm
[37m›[39m [1mCompiling[22m [36mreact-native[39m Pods/React-RCTVibration » RCTVibration.mm
[37m›[39m [1mCompiling[22m [36mreact-native[39m Pods/React-RCTNetwork » RCTNetworking.mm
[37m›[39m [1mCompiling[22m [36mreact-native[39m Pods/React-RCTLinking » RCTLinkingManager.mm
[37m›[39m [1mCompiling[22m [36mreact-native[39m Pods/React-RCTImage » RCTImageEditingManager.mm
[37m›[39m [1mCompiling[22m [36mreact-native[39m Pods/React-RCTBlob » RCTBlobManager.mm
[37m›[39m [1mCompiling[22m [36mreact-native[39m Pods/React-RCTAnimation » RCTNativeAnimatedTurboModule.mm
[37m›[39m [1mCompiling[22m [36mreact-native[39m Pods/React-CoreModules » RCTWebSocketModule.mm
[37m›[39m [1mCompiling[22m [36mreact-native[39m Pods/React-CoreModules » RCTStatusBarManager.mm
[37m›[39m [1mPackaging[22m [36mwalletia[39m Pods/ReactCodegen » libReactCodegen.a
[37m›[39m [1mPackaging[22m [36mreact-native[39m Pods/React-RCTVibration » libReact-RCTVibration.a
[37m›[39m [1mPackaging[22m [36mreact-native[39m Pods/React-RCTSettings » libReact-RCTSettings.a
[37m›[39m [1mPackaging[22m [36mreact-native[39m Pods/React-RCTNetwork » libReact-RCTNetwork.a
[37m›[39m [1mExecuting[22m [36mreact-native[39m Pods/React-FabricComponents » [CP-User] [RN]Check rncore
[37m›[39m [1mPackaging[22m [36mreact-native[39m Pods/React-RCTLinking » libReact-RCTLinking.a
[37m›[39m [1mCompiling[22m [36mreact-native[39m Pods/React-RCTImage » RCTImageLoader.mm
[37m›[39m [1mCompiling[22m [36mreact-native[39m Pods/React-RCTImage » RCTImageStoreManager.mm
[37m›[39m [1mCompiling[22m [36mreact-native[39m Pods/React-microtasksnativemodule » NativeMicrotasks.cpp
[37m›[39m [1mCompiling[22m [36mreact-native[39m Pods/React-idlecallbacksnativemodule » NativeIdleCallbacks.cpp
[37m›[39m [1mCompiling[22m [36mreact-native-safe-area-context[39m Pods/react-native-safe-area-context » RNCSafeAreaViewState.cpp
[37m›[39m [1mCompiling[22m [36mreact-native[39m Pods/React-featureflagsnativemodule » NativeReactNativeFeatureFlags.cpp
[37m›[39m [1mCompiling[22m [36mreact-native[39m Pods/React-domnativemodule » NativeDOM.cpp
[37m›[39m [1mCompiling[22m [36mreact-native[39m Pods/React-defaultsnativemodule » DefaultTurboModules.cpp
[37m›[39m [1mCompiling[22m [36mreact-native[39m Pods/React-RCTFabric » RCTThirdPartyFabricComponentsProvider.mm
[37m›[39m [1mCompiling[22m [36mreact-native[39m Pods/React-RCTBlob » RCTFileReaderModule.mm
[37m›[39m [1mPackaging[22m [36mreact-native[39m Pods/React-RCTImage » libReact-RCTImage.a
[37m›[39m [1mCompiling[22m [36mreact-native[39m Pods/React-RCTAppDelegate » RCTAppSetupUtils.mm
[37m›[39m [1mCompiling[22m [36mreact-native-safe-area-context[39m Pods/react-native-safe-area-context » RNCSafeAreaViewShadowNode.cpp
[37m›[39m [1mCompiling[22m [36mreact-native-safe-area-context[39m Pods/react-native-safe-area-context » RNCSafeAreaViewComponentView.mm
[37m›[39m [1mCompiling[22m [36mreact-native-safe-area-context[39m Pods/react-native-safe-area-context » RNCSafeAreaProviderComponentView.mm
[37m›[39m [1mCompiling[22m [36mreact-native-safe-area-context[39m Pods/react-native-safe-area-context » RNCSafeAreaContext.mm
[37m›[39m [1mCompiling[22m [36mreact-native[39m Pods/React-RCTAnimation » RCTNativeAnimatedModule.mm
[37m›[39m [1mCompiling[22m [36mreact-native[39m Pods/React-CoreModules » RCTTiming.mm
[37m›[39m [1mPackaging[22m [36mreact-native[39m Pods/React-RCTBlob » libReact-RCTBlob.a
[37m›[39m [1mCompiling[22m [36mreact-native[39m Pods/React-RCTFabric » RCTUnimplementedViewComponentView.mm
[37m›[39m [1mCompiling[22m [36mreact-native[39m Pods/React-RCTFabric » RCTTextInputComponentView.mm
[37m›[39m [1mCompiling[22m [36mreact-native[39m Pods/React-RCTFabric » RCTSwitchComponentView.mm
[37m›[39m [1mCompiling[22m [36mreact-native[39m Pods/React-RCTFabric » RCTScrollViewComponentView.mm
[37m›[39m [1mPackaging[22m [36mreact-native[39m Pods/React-RCTAnimation » libReact-RCTAnimation.a
[37m›[39m [1mCompiling[22m [36mreact-native[39m Pods/React-RCTFabric » RCTSafeAreaViewComponentView.mm
[37m›[39m [1mCompiling[22m [36mreact-native[39m Pods/React-RCTFabric » RCTPullToRefreshViewComponentView.mm
[37m›[39m [1mCompiling[22m [36mreact-native[39m Pods/React-RCTFabric » RCTParagraphComponentView.mm
[37m›[39m [1mCompiling[22m [36mreact-native[39m Pods/React-RCTFabric » RCTParagraphComponentAccessibilityProvider.mm
[37m›[39m [1mCompiling[22m [36mreact-native[39m Pods/React-RCTFabric » RCTInputAccessoryComponentView.mm
[37m›[39m [1mCompiling[22m [36mreact-native[39m Pods/React-RCTFabric » RCTFabricComponentsPlugins.mm
[37m›[39m [1mCompiling[22m [36mreact-native[39m Pods/React-RCTFabric » RCTDebuggingOverlayComponentView.mm
[37m›[39m [1mCompiling[22m [36mreact-native[39m Pods/React-RCTFabric » RCTComponentViewFactory.mm
[37m›[39m [1mCompiling[22m [36mreact-native[39m Pods/React-RCTFabric » RCTActivityIndicatorViewComponentView.mm
[37m›[39m [1mCompiling[22m [36mreact-native[39m Pods/React-CoreModules » RCTSourceCode.mm
[37m›[39m [1mCompiling[22m [36mreact-native[39m Pods/React-CoreModules » RCTRedBox.mm
[37m›[39m [1mCompiling[22m [36mreact-native[39m Pods/React-CoreModules » RCTPlatform.mm
[37m›[39m [1mCompiling[22m [36mreact-native[39m Pods/React-CoreModules » RCTLogBox.mm
[37m›[39m [1mCompiling[22m [36mreact-native[39m Pods/React-CoreModules » RCTKeyboardObserver.mm
[37m›[39m [1mCompiling[22m [36mreact-native[39m Pods/React-CoreModules » RCTI18nManager.mm
[37m›[39m [1mCompiling[22m [36mreact-native[39m Pods/React-CoreModules » RCTExceptionsManager.mm
[37m›[39m [1mCompiling[22m [36mreact-native[39m Pods/React-CoreModules » RCTDeviceInfo.mm
[37m›[39m [1mCompiling[22m [36mreact-native[39m Pods/React-CoreModules » RCTDevSettings.mm
[37m›[39m [1mCompiling[22m [36mreact-native[39m Pods/React-CoreModules » RCTDevMenu.mm
[37m›[39m [1mCompiling[22m [36mreact-native[39m Pods/React-CoreModules » RCTDevLoadingView.mm
[37m›[39m [1mCompiling[22m [36mreact-native[39m Pods/React-CoreModules » RCTClipboard.mm
[37m›[39m [1mCompiling[22m [36mreact-native[39m Pods/React-CoreModules » RCTAppearance.mm
[37m›[39m [1mCompiling[22m [36mreact-native[39m Pods/React-CoreModules » RCTAppState.mm
[37m›[39m [1mCompiling[22m [36mreact-native[39m Pods/React-CoreModules » RCTAlertManager.mm
[37m›[39m [1mCompiling[22m [36mreact-native[39m Pods/React-CoreModules » RCTActionSheetManager.mm
[37m›[39m [1mCompiling[22m [36mreact-native[39m Pods/React-CoreModules » RCTAccessibilityManager.mm
[37m›[39m [1mCompiling[22m [36mreact-native-screens[39m Pods/RNScreens » RNSScreenStackHeaderSubviewShadowNode.cpp
[37m›[39m [1mCompiling[22m [36mreact-native-gesture-handler[39m Pods/RNGestureHandler » RNGestureHandlerRootViewComponentView.mm
[37m›[39m [1mCompiling[22m [36mreact-native-permissions[39m Pods/RNPermissions » RNPermissions.mm
[37m›[39m [1mCompiling[22m [36m@react-native-async-storage/async-storage[39m Pods/RNCAsyncStorage » RNCAsyncStorage.mm
[37m›[39m [1mPackaging[22m [36mreact-native[39m Pods/React-RCTFabric » libReact-RCTFabric.a
[37m›[39m [1mCompiling[22m [36m@react-native-vector-icons/common[39m Pods/react-native-vector-icons » VectorIcons.mm
[37m›[39m [1mPackaging[22m [36mreact-native[39m Pods/React-CoreModules » libReact-CoreModules.a
[37m›[39m [1mPackaging[22m [36mreact-native-safe-area-context[39m Pods/react-native-safe-area-context » libreact-native-safe-area-context.a
[37m›[39m [1mPackaging[22m [36mreact-native[39m Pods/React-microtasksnativemodule » libReact-microtasksnativemodule.a
[37m›[39m [1mPackaging[22m [36mreact-native[39m Pods/React-idlecallbacksnativemodule » libReact-idlecallbacksnativemodule.a
[37m›[39m [1mPackaging[22m [36mreact-native[39m Pods/React-featureflagsnativemodule » libReact-featureflagsnativemodule.a
[37m›[39m [1mPackaging[22m [36mreact-native[39m Pods/React-domnativemodule » libReact-domnativemodule.a
[37m›[39m [1mCompiling[22m [36mreact-native-screens[39m Pods/RNScreens » RNSConvert.mm
[37m›[39m [1mCompiling[22m [36mreact-native-gesture-handler[39m Pods/RNGestureHandler » RNGestureHandlerButton.mm
[37m›[39m [1mCompiling[22m [36mreact-native-screens[39m Pods/RNScreens » RNSSearchBar.mm
[37m›[39m [1mPackaging[22m [36mreact-native-permissions[39m Pods/RNPermissions » libRNPermissions.a
[37m›[39m [1mCompiling[22m [36mreact-native-screens[39m Pods/RNScreens » RNSScreenStackHeaderSubview.mm
[37m›[39m [1mCompiling[22m [36mreact-native-screens[39m Pods/RNScreens » RNSScreenStackHeaderConfigShadowNode.cpp
[37m›[39m [1mPackaging[22m [36m@react-native-async-storage/async-storage[39m Pods/RNCAsyncStorage » libRNCAsyncStorage.a
[37m›[39m [1mCompiling[22m [36mreact-native-screens[39m Pods/RNScreens » RNSScreenStackHeaderConfig.mm
[37m›[39m [1mCompiling[22m [36mreact-native-screens[39m Pods/RNScreens » RNSScreenStack.mm
[37m›[39m [1mCompiling[22m [36mreact-native-screens[39m Pods/RNScreens » RNSScreenShadowNode.cpp
[37m›[39m [1mCompiling[22m [36mreact-native-screens[39m Pods/RNScreens » RNSScreenNavigationContainer.mm
[37m›[39m [1mCompiling[22m [36mreact-native-screens[39m Pods/RNScreens » RNSScreenFooter.mm
[37m›[39m [1mCompiling[22m [36m@react-native-vector-icons/common[39m Pods/react-native-vector-icons » react-native-vector-icons-dummy.m
[37m›[39m [1mCompiling[22m [36mreact-native-screens[39m Pods/RNScreens » RNSScreenContentWrapper.mm
[37m›[39m [1mCompiling[22m [36mreact-native-screens[39m Pods/RNScreens » RNSScreenContainer.mm
[37m›[39m [1mCompiling[22m [36mreact-native-screens[39m Pods/RNScreens » RNSScreen.mm
[37m›[39m [1mCompiling[22m [36mreact-native-screens[39m Pods/RNScreens » RNSModule.mm
[37m›[39m [1mCompiling[22m [36mreact-native-screens[39m Pods/RNScreens » RNSModalScreenShadowNode.cpp
[37m›[39m [1mCompiling[22m [36mreact-native-screens[39m Pods/RNScreens » RNSModalScreen.mm
[37m›[39m [1mCompiling[22m [36mreact-native-screens[39m Pods/RNScreens » RNSFullWindowOverlay.mm
[37m›[39m [1mCompiling[22m [36mreact-native-gesture-handler[39m Pods/RNGestureHandler » RNGestureHandlerModule.mm
[37m›[39m [1mCompiling[22m [36mreact-native-gesture-handler[39m Pods/RNGestureHandler » RNGestureHandlerButtonComponentView.mm
[37m›[39m [1mPackaging[22m [36m@react-native-vector-icons/common[39m Pods/react-native-vector-icons » libreact-native-vector-icons.a
[37m›[39m [1mCompiling[22m [36mexpo-modules-core[39m Pods/ExpoModulesCore » TypedArray.cpp
[37m›[39m [1mCompiling[22m [36mexpo-modules-core[39m Pods/ExpoModulesCore » SharedRef.cpp
[37m›[39m [1mExecuting[22m [36m@react-native-vector-icons/common[39m Pods/react-native-vector-icons » [CP-User] Copy Fonts
[37m›[39m [1mCompiling[22m [36mexpo-modules-core[39m Pods/ExpoModulesCore » SharedObject.cpp
[37m›[39m [1mPackaging[22m [36mreact-native[39m Pods/React-defaultsnativemodule » libReact-defaultsnativemodule.a
[37m›[39m [1mPackaging[22m [36mreact-native[39m Pods/React-RCTAppDelegate » libReact-RCTAppDelegate.a
[37m›[39m [1mPackaging[22m [36mexpo-modules-core[39m Pods/ExpoModulesCore » libExpoModulesCore.a
[37m›[39m [1mExecuting[22m [36mexpo-modules-core[39m Pods/ExpoModulesCore » Copy generated compatibility header
[37m›[39m [1mPackaging[22m [36mreact-native-screens[39m Pods/RNScreens » libRNScreens.a
[37m›[39m [1mPackaging[22m [36mreact-native-gesture-handler[39m Pods/RNGestureHandler » libRNGestureHandler.a
[37m›[39m [1mExecuting[22m [36mexpo-constants[39m Pods/EXConstants » [CP-User] Generate app.config for prebuilt Constants.manifest
[37m›[39m [1mCompiling[22m [36mexpo-system-ui[39m Pods/ExpoSystemUI » ExpoSystemUI-dummy.m
[37m›[39m [1mCompiling[22m [36mexpo-splash-screen[39m Pods/ExpoSplashScreen » ExpoSplashScreen-dummy.m
[37m›[39m [1mCompiling[22m [36mexpo-keep-awake[39m Pods/ExpoKeepAwake » ExpoKeepAwake-dummy.m
[37m›[39m [1mCompiling[22m [36mexpo-font[39m Pods/ExpoFont » ExpoFont-dummy.m
[37m›[39m [1mCompiling[22m [36mexpo-file-system[39m Pods/ExpoFileSystem » NSData+EXFileSystem.m
[37m›[39m [1mCompiling[22m [36mexpo-file-system[39m Pods/ExpoFileSystem » ExpoFileSystem-dummy.m
[37m›[39m [1mCompiling[22m [36mexpo-file-system[39m Pods/ExpoFileSystem » EXTaskHandlersManager.m
[37m›[39m [1mCompiling[22m [36mexpo-file-system[39m Pods/ExpoFileSystem » EXSessionUploadTaskDelegate.m
[37m›[39m [1mCompiling[22m [36mexpo-file-system[39m Pods/ExpoFileSystem » EXSessionTaskDispatcher.m
[37m›[39m [1mCompiling[22m [36mexpo-file-system[39m Pods/ExpoFileSystem » EXSessionTaskDelegate.m
[37m›[39m [1mCompiling[22m [36mexpo-file-system[39m Pods/ExpoFileSystem » EXSessionResumableDownloadTaskDelegate.m
[37m›[39m [1mCompiling[22m [36mexpo-file-system[39m Pods/ExpoFileSystem » EXSessionHandler.m
[37m›[39m [1mCompiling[22m [36mexpo-file-system[39m Pods/ExpoFileSystem » EXSessionDownloadTaskDelegate.m
[37m›[39m [1mCompiling[22m [36mexpo-file-system[39m Pods/ExpoFileSystem » EXSessionCancelableUploadTaskDelegate.m
[37m›[39m [1mCompiling[22m [36mexpo-file-system[39m Pods/ExpoFileSystem » EXFileSystemLocalFileHandler.m
[37m›[39m [1mCompiling[22m [36mexpo-file-system[39m Pods/ExpoFileSystem » EXFileSystemAssetLibraryHandler.m
[37m›[39m [1mCompiling[22m [36mexpo-contacts[39m Pods/ExpoContacts » ExpoContacts-dummy.m
[37m›[39m [1mCompiling[22m [36mexpo-asset[39m Pods/ExpoAsset » ExpoAsset-dummy.m
[37m›[39m [1mCompiling[22m [36mexpo[39m Pods/Expo » Expo-dummy.m
[37m›[39m [1mCompiling[22m [36mexpo[39m Pods/Expo » EXAppDefinesLoader.m
[37m›[39m [1mCompiling[22m [36mexpo-updates-interface[39m Pods/EXUpdatesInterface » noop-file.m
[37m›[39m [1mCompiling[22m [36mexpo-updates-interface[39m Pods/EXUpdatesInterface » EXUpdatesInterface-dummy.m
[37m›[39m [1mCompiling[22m [36mexpo-manifests[39m Pods/EXManifests » EXManifests-dummy.m
[37m›[39m [1mPackaging[22m [36mexpo-system-ui[39m Pods/ExpoSystemUI » libExpoSystemUI.a
[37m›[39m [1mPackaging[22m [36mexpo-keep-awake[39m Pods/ExpoKeepAwake » libExpoKeepAwake.a
[37m›[39m [1mPackaging[22m [36mexpo-font[39m Pods/ExpoFont » libExpoFont.a
[37m›[39m [1mPackaging[22m [36mexpo-splash-screen[39m Pods/ExpoSplashScreen » libExpoSplashScreen.a
[37m›[39m [1mPackaging[22m [36mexpo-asset[39m Pods/ExpoAsset » libExpoAsset.a
[37m›[39m [1mPackaging[22m [36mexpo-contacts[39m Pods/ExpoContacts » libExpoContacts.a
[37m›[39m [1mPackaging[22m [36mexpo-updates-interface[39m Pods/EXUpdatesInterface » libEXUpdatesInterface.a
[37m›[39m [1mExecuting[22m [36mexpo-system-ui[39m Pods/ExpoSystemUI » Copy generated compatibility header
[37m›[39m [1mExecuting[22m [36mexpo-keep-awake[39m Pods/ExpoKeepAwake » Copy generated compatibility header
[37m›[39m [1mExecuting[22m [36mexpo-font[39m Pods/ExpoFont » Copy generated compatibility header
[37m›[39m [1mPackaging[22m [36mexpo-manifests[39m Pods/EXManifests » libEXManifests.a
[37m›[39m [1mExecuting[22m [36mexpo-splash-screen[39m Pods/ExpoSplashScreen » Copy generated compatibility header
[37m›[39m [1mExecuting[22m [36mexpo-contacts[39m Pods/ExpoContacts » Copy generated compatibility header
[37m›[39m [1mExecuting[22m [36mexpo-asset[39m Pods/ExpoAsset » Copy generated compatibility header
[37m›[39m [1mExecuting[22m [36mexpo-updates-interface[39m Pods/EXUpdatesInterface » Copy generated compatibility header
[37m›[39m [1mExecuting[22m [36mexpo-manifests[39m Pods/EXManifests » Copy generated compatibility header
[37m›[39m [1mCompiling[22m [36mexpo-constants[39m Pods/EXConstants » EXConstantsService.m
[37m›[39m [1mCompiling[22m [36mexpo-constants[39m Pods/EXConstants » EXConstantsInstallationIdProvider.m
[37m›[39m [1mCompiling[22m [36mexpo-constants[39m Pods/EXConstants » EXConstants-dummy.m
[37m›[39m [1mPackaging[22m [36mexpo-file-system[39m Pods/ExpoFileSystem » libExpoFileSystem.a
[37m›[39m [1mPackaging[22m [36mexpo[39m Pods/Expo » libExpo.a
[37m›[39m [1mExecuting[22m [36mexpo-file-system[39m Pods/ExpoFileSystem » Copy generated compatibility header
[37m›[39m [1mExecuting[22m [36mexpo[39m Pods/Expo » Copy generated compatibility header
[37m›[39m [1mPackaging[22m [36mexpo-constants[39m Pods/EXConstants » libEXConstants.a
[37m›[39m [1mExecuting[22m [36mexpo-constants[39m Pods/EXConstants » Copy generated compatibility header
[37m›[39m [1mCompiling[22m [36mexpo-dev-menu[39m Pods/expo-dev-menu » expo-dev-menu-dummy.m
[37m›[39m [1mCompiling[22m [36mexpo-dev-menu[39m Pods/expo-dev-menu » DevMenuRootView.m
[37m›[39m [1mCompiling[22m [36mexpo-dev-menu[39m Pods/expo-dev-menu » DevMenuRCTDevSettings.m
[37m›[39m [1mCompiling[22m [36mexpo-dev-menu[39m Pods/expo-dev-menu » DevClientNoOpLoadingView.m
[37m›[39m [1mCompiling[22m [36mexpo-dev-menu[39m Pods/expo-dev-menu » EXDevMenuAppInfo.m
[37m›[39m [1mPackaging[22m [36mexpo-dev-menu[39m Pods/expo-dev-menu » libexpo-dev-menu.a
[37m›[39m [1mExecuting[22m [36mexpo-dev-menu[39m Pods/expo-dev-menu » Copy generated compatibility header
[37m›[39m [1mCompiling[22m [36mexpo-dev-launcher[39m Pods/expo-dev-launcher » expo-dev-launcher-dummy.m
[37m›[39m [1mCompiling[22m [36mexpo-dev-launcher[39m Pods/expo-dev-launcher » EXDevLauncherUpdatesHelper.m
[37m›[39m [1mCompiling[22m [36mexpo-dev-launcher[39m Pods/expo-dev-launcher » EXDevLauncherRCTDevSettings.m
[37m›[39m [1mCompiling[22m [36mexpo-dev-launcher[39m Pods/expo-dev-launcher » EXDevLauncherDeferredRCTRootView.m
[37m›[39m [1mCompiling[22m [36mexpo-dev-launcher[39m Pods/expo-dev-launcher » EXDevLauncherRCTBridge.m
[37m›[39m [1mCompiling[22m [36mexpo-dev-launcher[39m Pods/expo-dev-launcher » EXDevLauncherDevMenuExtensions.m
[37m›[39m [1mCompiling[22m [36mexpo-dev-launcher[39m Pods/expo-dev-launcher » EXDevLauncherRedBox.m
[37m›[39m [1mCompiling[22m [36mexpo-dev-launcher[39m Pods/expo-dev-launcher » EXDevLauncher.m
[37m›[39m [1mCompiling[22m [36mexpo-dev-launcher[39m Pods/expo-dev-launcher » EXDevLauncherManifestParser.m
[37m›[39m [1mCompiling[22m [36mexpo-dev-launcher[39m Pods/expo-dev-launcher » EXDevLauncherController.m
[37m›[39m [1mPackaging[22m [36mexpo-dev-launcher[39m Pods/expo-dev-launcher » libexpo-dev-launcher.a
[37m›[39m [1mExecuting[22m [36mexpo-dev-launcher[39m Pods/expo-dev-launcher » Copy generated compatibility header
[37m›[39m [1mCompiling[22m Pods/Pods-walletia » Pods-walletia-dummy.m
[37m›[39m [1mPackaging[22m Pods/Pods-walletia » libPods-walletia.a
[37m›[39m [1mExecuting[22m walletia » [CP] Check Pods Manifest.lock
[37m›[39m [1mExecuting[22m walletia » [Expo] Configure project
[37m›[39m [1mLinking  [22m walletia » __preview.dylib
[37m›[39m [1mCopying  [22m [2m./[22mPrivacyInfo.xcprivacy ➜ [2mios/walletia/[22mPrivacyInfo.xcprivacy
[37m›[39m [1mPreparing[22m walletia » Info.plist
[37m›[39m [1mCompiling[22m walletia » AppDelegate.mm
[37m›[39m [1mCompiling[22m walletia » walletia_vers.c
[37m›[39m [1mCompiling[22m walletia » main.m
[37m›[39m [1mLinking  [22m walletia » walletia.debug.dylib
[33m⚠️  ld: ignoring duplicate libraries: '-lc++'[39m
[37m›[39m [1mGenerating debug[22m walletia » walletia.app.dSYM
[37m›[39m [1mLinking  [22m walletia » walletia
[37m›[39m [1mGenerating debug[22m walletia » walletia.app.dSYM
[37m›[39m [1mExecuting[22m walletia » Bundle React Native code and images
[37m›[39m [1mExecuting[22m walletia » [CP] Copy Pods Resources
[37m›[39m [1mExecuting[22m walletia » [CP] Embed Pods Frameworks
[37m›[39m [1mSigning  [22m walletia » walletia.debug.dylib
[37m›[39m [1mSigning  [22m walletia » __preview.dylib
[37m›[39m [1mSigning  [22m walletia » walletia.app
    [33mRun script build phase '[CP-User] [Hermes] Replace Hermes for the right configuration, if needed' will be run during every build because it does not specify any outputs. To address this issue, either add output dependencies to the script phase, or configure it to run in every build by unchecking "Based on dependency analysis" in the script phase. (in target 'hermes-engine' from project 'Pods')[39m
    [33mRun script build phase '[CP-User] Copy Fonts' will be run during every build because it does not specify any outputs. To address this issue, either add output dependencies to the script phase, or configure it to run in every build by unchecking "Based on dependency analysis" in the script phase. (in target 'react-native-vector-icons' from project 'Pods')[39m
    [33mRun script build phase '[CP-User] [RN]Check rncore' will be run during every build because it does not specify any outputs. To address this issue, either add output dependencies to the script phase, or configure it to run in every build by unchecking "Based on dependency analysis" in the script phase. (in target 'React-Fabric' from project 'Pods')[39m
    [33mRun script build phase '[CP-User] [RN]Check rncore' will be run during every build because it does not specify any outputs. To address this issue, either add output dependencies to the script phase, or configure it to run in every build by unchecking "Based on dependency analysis" in the script phase. (in target 'React-FabricComponents' from project 'Pods')[39m
[37m›[39m [1mBuild[22m Succeeded

› 0 error(s), and 5 warning(s)

  [38;5;113;1mnativewind [0minput: /Users/redjanvier/Desktop/workspace/personal/walletia/src/assets/global.css [38;5;113m+0ms[0m
  [38;5;113;1mnativewind [0mimportant: undefined [38;5;113m+46ms[0m
  [38;5;113;1mnativewind [0mchecking TypeScript setup [38;5;113m+0ms[0m
  [38;5;113;1mnativewind [0mwithCssInterop [38;5;113m+0ms[0m
  [38;5;113;1mnativewind [0moutputDirectory /Users/redjanvier/Desktop/workspace/personal/walletia/node_modules/react-native-css-interop/.cache [38;5;113m+0ms[0m
  [38;5;113;1mnativewind [0misRadonIDE: false [38;5;113m+0ms[0m
[117D[2K[2mStarting Metro Bundler[22m
  [38;5;113;1mnativewind [0menhanceMiddleware.setup [38;5;113m+194ms[0m
▄▄▄▄▄▄▄▄▄▄▄▄▄▄▄▄▄▄▄▄▄▄▄▄▄▄▄▄▄▄▄▄▄▄▄
█ ▄▄▄▄▄ █▀▀▀ ▄▀█ ▄ ▀▄▄ ▄ ██ ▄▄▄▄▄ █
█ █   █ █▄▀█▄ ███ ▄▀█▄█▀  █ █   █ █
█ █▄▄▄█ █ ▄▀▄▄█▄ ▀▄▄▀▀▀▀▄▀█ █▄▄▄█ █
█▄▄▄▄▄▄▄█ █ ▀▄█▄▀ ▀▄▀▄▀▄█ █▄▄▄▄▄▄▄█
█▄▄█▄█▀▄▄▀▀█▄█ ▀██▀▀█ ▄██ ▀ ▄▄█▄▄▀█
█▀ ▀█▀ ▄ █▀▀█▄ ▄█▀██ █ ▄█ █ ▄  ██▄█
█▀▄█  █▄ ██▄▄█▄ ▀▄ ▀▀▀ █▄   ▀▀▀██▀█
██▄▀▀█▀▄▀  █ █ ▄█▄ ██ ▀█ ▀▀▄▄▀█▄▀██
█▄▄███ ▄▄▀▀▀█ █▄█▄▄▀█▀▄█▀ █▄▀▄▀▀▄▄█
█▄▄ ▄█▀▄▄  ▄███▄▀█▀▄▀▀▀██ █▄▀██▄▄▄█
██  █ ▀▄▄▄▄▀▄█▄██▄▀▄▄█ █▄▀ ▀ █▄▀█ █
█▄ ▄▄▀▀▄▄█▀▄█▀▀▀█▀█▀ ▄ ▀█▀██ █▀▄█ █
█▄█▄███▄▄ ▀ █▄▄ ▀▄  ▀▀▄▀▀ ▄▄▄ ██▄ █
█ ▄▄▄▄▄ █▄█▄ █▀▀█▄▀ █▀▀██ █▄█ █▄ ██
█ █   █ █▀▀█ ██ █▄███▄▄▄█▄     █▀▀█
█ █▄▄▄█ █▀ ▄█ ▄█▀█▀ █▀▀▄  ▀▀▄ █▄▄▄█
█▄▄▄▄▄▄▄█▄█▄▄█▄██▄█▄██▄██▄▄███▄█▄██

› Metro waiting on [4mexp+walletia://expo-development-client/?url=http%3A%2F%2F192.168.1.69%3A8081[24m
› Scan the QR code above to open the project in a development build. [2m]8;;https://expo.fyi/startLearn more]8;;[22m

› Web is waiting on [4mhttp://localhost:8081[24m

› Using [36mdevelopment build[39m
› Press [1ms[22m [2m│[22m switch to Expo Go

› Press [1ma[22m [2m│[22m open Android
› Press [1mi[22m [2m│[22m open iOS simulator
› Press [1mw[22m [2m│[22m open web

› Press [1mj[22m [2m│[22m open debugger
› Press [1mr[22m [2m│[22m reload app
› Press [1mm[22m [2m│[22m toggle menu
› [1mshift+m[22m [2m│[22m more tools
› Press [1mo[22m [2m│[22m open project code in your editor

› Press [1m?[22m [2m│[22m show all commands

[90m› Installing /Users/redjanvier/Library/Developer/Xcode/DerivedData/walletia-bbairnfvjefvhxaacvfbdeikdagw/Build/Products/Debug-iphonesimulator/walletia.app[39m
[97m›[39m [1mInstalling[22m on iPhone 16 Pro
[97m›[39m [1mOpening[22m on iPhone 16 Pro [2m(com.walletia)[22m
› Opening [4mexp+walletia://expo-development-client/?url=http%3A%2F%2F192.168.1.69%3A8081[24m on [1miPhone 16 Pro[22m

› Logs for your project will appear below.[2m Press Ctrl+C to exit.[22m
[117D[2K[1miOS[22m [0m[2m./[22m[0m[1mindex.tsx[22m [47m[37m░░░░░░░░░░░░░░░░[39m[49m[1m  0.0% [22m[2m(0/1)[22m  [38;5;113;1mnativewind [0mgetTransformOptions.dev true [38;5;113m+13s[0m
  [38;5;113;1mnativewind [0mgetTransformOptions.platform ios [38;5;113m+0ms[0m
  [38;5;113;1mnativewind [0mgetTransformOptions.virtualModulesPossible true [38;5;113m+0ms[0m
  [38;5;113;1mnativewind [0mvirtualModules /Users/redjanvier/Desktop/workspace/personal/walletia/node_modules/react-native-css-interop/.cache/ios.js [38;5;113m+0ms[0m
  [38;5;113;1mnativewind [0mvirtualModules.isDev true [38;5;113m+0ms[0m
  [38;5;113;1mnativewind [0mvirtualModules.size 0 [38;5;113m+0ms[0m
  [38;5;113;1mnativewind [0mvirtualModules.fastRefresh enabled [38;5;113m+0ms[0m
  [38;5;113;1mnativewind [0mgetCSSForPlatform: ios [38;5;113m+13s[0m
  [38;5;113;1mnativewind [0mStart development Tailwind CLI [38;5;113m+0ms[0m
  [38;5;113;1mnativewind [0mgetTransformOptions.writeToFileSystem false [38;5;113m+2ms[0m
  [38;5;113;1mnativewind [0mresolveRequest.input /Users/redjanvier/Desktop/workspace/personal/walletia/src/assets/global.css [38;5;113m+8ms[0m
  [38;5;113;1mnativewind [0mresolveRequest.resolvedTo: /Users/redjanvier/Desktop/workspace/personal/walletia/node_modules/react-native-css-interop/.cache/ios.js [38;5;113m+0ms[0m
  [38;5;113;1mnativewind [0mresolveRequest.development: true [38;5;113m+0ms[0m
  [38;5;113;1mnativewind [0mresolveRequest.platform: ios [38;5;113m+0ms[0m
[117D[2K[1miOS[22m [0m[2m./[22m[0m[1mindex.tsx[22m [32m[42m▓[49m[39m[47m[37m░░░░░░░░░░░░░░░[39m[49m[1m  9.2% [22m[2m( 55/181)[22m[117D[2K[1miOS[22m [0m[2m./[22m[0m[1mindex.tsx[22m [32m[42m▓▓▓[49m[39m[47m[37m░░░░░░░░░░░░░[39m[49m[1m 24.0% [22m[2m(198/404)[22m[117D[2K[1miOS[22m [0m[2m./[22m[0m[1mindex.tsx[22m [32m[42m▓▓▓▓▓[49m[39m[47m[37m░░░░░░░░░░░[39m[49m[1m 35.0% [22m[2m(361/610)[22m[117D[2K[1miOS[22m [0m[2m./[22m[0m[1mindex.tsx[22m [32m[42m▓▓▓▓▓▓▓▓[49m[39m[47m[37m░░░░░░░░[39m[49m[1m 51.2% [22m[2m(555/776)[22m[117D[2K[1miOS[22m [0m[2m./[22m[0m[1mindex.tsx[22m [32m[42m▓▓▓▓▓▓▓▓▓▓[49m[39m[47m[37m░░░░░░[39m[49m[1m 62.8% [22m[2m(715/902)[22m  [38;5;113;1mnativewind [0mFinished initial development Tailwind CLI [38;5;113m+543ms[0m
  [38;5;113;1mnativewind [0mvirtualStyles.initial ios [38;5;113m+533ms[0m
  [38;5;113;1mnativewind [0mStart stringify [38;5;113m+16ms[0m
  [38;5;113;1mnativewind [0mOutput size: 80 bytes [38;5;113m+1ms[0m
[117D[2K[1miOS[22m [0m[2m./[22m[0m[1mindex.tsx[22m [32m[42m▓▓▓▓▓▓▓▓▓▓▓▓▓[49m[39m[47m[37m░░░[39m[49m[1m 81.8% [22m[2m( 963/1065)[22m[117D[2K[1miOS[22m [0m[2m./[22m[0m[1mindex.tsx[22m [32m[42m▓▓▓▓▓▓▓▓▓▓▓▓▓[49m[39m[47m[37m░░░[39m[49m[1m 87.4% [22m[2m(1063/1137)[22m[117D[2K[32m[1miOS[22m Bundled [39m[2m879ms[22m[0m[2m index.tsx (1137 modules)[22m[0m
[1miOS[22m [0m[2m./[22m[0m[1mindex.tsx[22m [32m[42m▓▓▓▓▓▓▓▓▓▓▓▓▓[49m[39m[47m[37m░░░[39m[49m[1m 87.4% [22m[2m(1063/1137)[22m[117D[2K[117D[2K[7m[37m[1m (NOBRIDGE) LOG [22m[39m[27m Bridgeless mode is enabled
[117D[2K[7m[37m[1m INFO [22m[39m[27m 
[7m [1m💡 JavaScript logs will be removed from Metro in React Native 0.77![22m Please use React Native DevTools as your default tool. Tip: Type [1mj[22m in the terminal to open (requires Google Chrome or Microsoft Edge).[27m
[117D[2K[7m[37m[1m (NOBRIDGE) LOG [22m[39m[27m tel scheme is not supported.
[117D[2K[7m[37m[1m (NOBRIDGE) LOG [22m[39m[27m telprompt scheme is not supported.
[117D[2K[1miOS[22m [0m[2m./[22m[0m[1mindex.tsx[22m [47m[37m░░░░░░░░░░░░░░░░[39m[49m[1m  0.0% [22m[2m(0/1)[22m[117D[2K[32m[1miOS[22m Bundled [39m[2m119ms[22m[0m[2m index.tsx (1 module)[22m[0m
[1miOS[22m [0m[2m./[22m[0m[1mindex.tsx[22m [47m[37m░░░░░░░░░░░░░░░░[39m[49m[1m  0.0% [22m[2m(0/1)[22m[117D[2K[117D[2K[7m[37m[1m (NOBRIDGE) LOG [22m[39m[27m Bridgeless mode is enabled
[117D[2K[7m[33m[1m (NOBRIDGE) WARN [22m[39m[27m [Reanimated] Reduced motion setting is enabled on this device. This warning is visible only in the development mode. Some animations will be disabled by default. You can override the behavior for individual animations, see https://docs.swmansion.com/react-native-reanimated/docs/guides/troubleshooting#reduced-motion-setting-is-enabled-on-this-device.
[7m[37m[1m INFO [22m[39m[27m 
[7m [1m💡 JavaScript logs will be removed from Metro in React Native 0.77![22m Please use React Native DevTools as your default tool. Tip: Type [1mj[22m in the terminal to open (requires Google Chrome or Microsoft Edge).[27m
[117D[2K[7m[37m[1m (NOBRIDGE) LOG [22m[39m[27m tel scheme is supported.
[117D[2K[7m[37m[1m (NOBRIDGE) LOG [22m[39m[27m telprompt scheme is supported.
[117D[2K[1miOS[22m [0m[2m./[22m[0m[1mindex.tsx[22m [47m[37m░░░░░░░░░░░░░░░░[39m[49m[1m  0.0% [22m[2m(0/1)[22m[117D[2K[32m[1miOS[22m Bundled [39m[2m71ms[22m[0m[2m index.tsx (1 module)[22m[0m
[1miOS[22m [0m[2m./[22m[0m[1mindex.tsx[22m [47m[37m░░░░░░░░░░░░░░░░[39m[49m[1m  0.0% [22m[2m(0/1)[22m[117D[2K[117D[2K[7m[37m[1m (NOBRIDGE) LOG [22m[39m[27m Bridgeless mode is enabled
[117D[2K[7m[33m[1m (NOBRIDGE) WARN [22m[39m[27m [Reanimated] Reduced motion setting is enabled on this device. This warning is visible only in the development mode. Some animations will be disabled by default. You can override the behavior for individual animations, see https://docs.swmansion.com/react-native-reanimated/docs/guides/troubleshooting#reduced-motion-setting-is-enabled-on-this-device.
[7m[37m[1m INFO [22m[39m[27m 
[7m [1m💡 JavaScript logs will be removed from Metro in React Native 0.77![22m Please use React Native DevTools as your default tool. Tip: Type [1mj[22m in the terminal to open (requires Google Chrome or Microsoft Edge).[27m
[117D[2K[7m[37m[1m (NOBRIDGE) LOG [22m[39m[27m tel scheme is supported.
[117D[2K[7m[37m[1m (NOBRIDGE) LOG [22m[39m[27m telprompt scheme is supported.
[117D[2K[7m[37m[1m (NOBRIDGE) LOG [22m[39m[27m tel scheme is supported.
[117D[2K[7m[37m[1m (NOBRIDGE) LOG [22m[39m[27m telprompt scheme is supported.
[117D[2K[7m[37m[1m (NOBRIDGE) LOG [22m[39m[27m ======== *182*1*1*0782969992*500# {"immediatePhoneCall": [Function immediatePhoneCall]}
[117D[2K[7m[37m[1m (NOBRIDGE) LOG [22m[39m[27m tel scheme is supported.
[117D[2K[7m[37m[1m (NOBRIDGE) LOG [22m[39m[27m telprompt scheme is supported.
› Reloading apps
[117D[2K[1miOS[22m [0m[2m./[22m[0m[1mindex.tsx[22m [47m[37m░░░░░░░░░░░░░░░░[39m[49m[1m  0.0% [22m[2m(0/1)[22m[117D[2K[32m[1miOS[22m Bundled [39m[2m65ms[22m[0m[2m index.tsx (1 module)[22m[0m
[1miOS[22m [0m[2m./[22m[0m[1mindex.tsx[22m [47m[37m░░░░░░░░░░░░░░░░[39m[49m[1m  0.0% [22m[2m(0/1)[22m[117D[2K[117D[2K[7m[37m[1m (NOBRIDGE) LOG [22m[39m[27m Bridgeless mode is enabled
[117D[2K[7m[37m[1m INFO [22m[39m[27m 
[7m [1m💡 JavaScript logs will be removed from Metro in React Native 0.77![22m Please use React Native DevTools as your default tool. Tip: Type [1mj[22m in the terminal to open (requires Google Chrome or Microsoft Edge).[27m
[90m[RemoteTextInput][39m -[RTIInputSystemClient remoteTextInputSessionWithID:performInputOperation:]  perform input
operation requires a valid sessionID. inputModality = Keyboard, inputOperation = <null selector>, customInfoType =
UIEmojiSearchOperations
[117D[2K[1mAndroid[22m [0m[2m./[22m[0m[1mindex.tsx[22m [47m[37m░░░░░░░░░░░░░░░░[39m[49m[1m  0.0% [22m[2m(0/1)[22m  [38;5;113;1mnativewind [0mgetTransformOptions.dev true [38;5;113m+24m[0m
  [38;5;113;1mnativewind [0mgetTransformOptions.platform android [38;5;113m+0ms[0m
  [38;5;113;1mnativewind [0mgetTransformOptions.virtualModulesPossible true [38;5;113m+0ms[0m
  [38;5;113;1mnativewind [0mvirtualModules /Users/redjanvier/Desktop/workspace/personal/walletia/node_modules/react-native-css-interop/.cache/android.js [38;5;113m+0ms[0m
  [38;5;113;1mnativewind [0mvirtualModules.isDev true [38;5;113m+0ms[0m
  [38;5;113;1mnativewind [0mvirtualModules.size 1 [38;5;113m+0ms[0m
  [38;5;113;1mnativewind [0mvirtualModules.fastRefresh enabled [38;5;113m+0ms[0m
  [38;5;113;1mnativewind [0mgetCSSForPlatform: android [38;5;113m+24m[0m
  [38;5;113;1mnativewind [0mStart development Tailwind CLI [38;5;113m+0ms[0m
  [38;5;113;1mnativewind [0mgetTransformOptions.writeToFileSystem false [38;5;113m+2ms[0m
  [38;5;113;1mnativewind [0mresolveRequest.input /Users/redjanvier/Desktop/workspace/personal/walletia/src/assets/global.css [38;5;113m+3ms[0m
  [38;5;113;1mnativewind [0mresolveRequest.resolvedTo: /Users/redjanvier/Desktop/workspace/personal/walletia/node_modules/react-native-css-interop/.cache/android.js [38;5;113m+0ms[0m
  [38;5;113;1mnativewind [0mresolveRequest.development: true [38;5;113m+0ms[0m
  [38;5;113;1mnativewind [0mresolveRequest.platform: android [38;5;113m+0ms[0m
[117D[2K[1mAndroid[22m [0m[2m./[22m[0m[1mindex.tsx[22m [32m[42m▓[49m[39m[47m[37m░░░░░░░░░░░░░░░[39m[49m[1m  8.0% [22m[2m( 75/265)[22m[117D[2K[1mAndroid[22m [0m[2m./[22m[0m[1mindex.tsx[22m [32m[42m▓▓[49m[39m[47m[37m░░░░░░░░░░░░░░[39m[49m[1m 16.9% [22m[2m(175/426)[22m[117D[2K[1mAndroid[22m [0m[2m./[22m[0m[1mindex.tsx[22m [32m[42m▓▓▓▓▓[49m[39m[47m[37m░░░░░░░░░░░[39m[49m[1m 35.6% [22m[2m(393/659)[22m[117D[2K[1mAndroid[22m [0m[2m./[22m[0m[1mindex.tsx[22m [32m[42m▓▓▓▓▓▓▓▓[49m[39m[47m[37m░░░░░░░░[39m[49m[1m 53.9% [22m[2m(618/842)[22m[117D[2K[1mAndroid[22m [0m[2m./[22m[0m[1mindex.tsx[22m [32m[42m▓▓▓▓▓▓▓▓▓▓[49m[39m[47m[37m░░░░░░[39m[49m[1m 66.9% [22m[2m(727/889)[22m  [38;5;113;1mnativewind [0mFinished initial development Tailwind CLI [38;5;113m+548ms[0m
  [38;5;113;1mnativewind [0mvirtualStyles.initial android [38;5;113m+543ms[0m
  [38;5;113;1mnativewind [0mStart stringify [38;5;113m+17ms[0m
  [38;5;113;1mnativewind [0mOutput size: 80 bytes [38;5;113m+0ms[0m
[117D[2K[1mAndroid[22m [0m[2m./[22m[0m[1mindex.tsx[22m [32m[42m▓▓▓▓▓▓▓▓▓▓▓▓▓[49m[39m[47m[37m░░░[39m[49m[1m 81.6% [22m[2m( 965/1068)[22m[117D[2K[1mAndroid[22m [0m[2m./[22m[0m[1mindex.tsx[22m [32m[42m▓▓▓▓▓▓▓▓▓▓▓▓▓▓[49m[39m[47m[37m░░[39m[49m[1m 88.9% [22m[2m(1101/1168)[22m[117D[2K[32m[1mAndroid[22m Bundled [39m[2m845ms[22m[0m[2m index.tsx (1168 modules)[22m[0m
[1mAndroid[22m [0m[2m./[22m[0m[1mindex.tsx[22m [32m[42m▓▓▓▓▓▓▓▓▓▓▓▓▓▓[49m[39m[47m[37m░░[39m[49m[1m 88.9% [22m[2m(1101/1168)[22m[117D[2K[117D[2K[1miOS[22m [0m[2m./[22m[0m[1mindex.tsx[22m [47m[37m░░░░░░░░░░░░░░░░[39m[49m[1m  0.0% [22m[2m(0/1)[22m[117D[2K[32m[1miOS[22m Bundled [39m[2m54ms[22m[0m[2m index.tsx (1 module)[22m[0m
[1miOS[22m [0m[2m./[22m[0m[1mindex.tsx[22m [47m[37m░░░░░░░░░░░░░░░░[39m[49m[1m  0.0% [22m[2m(0/1)[22m[117D[2K[117D[2K[7m[37m[1m (NOBRIDGE) LOG [22m[39m[27m Bridgeless mode is enabled
[117D[2K[7m[37m[1m INFO [22m[39m[27m 
[7m [1m💡 JavaScript logs will be removed from Metro in React Native 0.77![22m Please use React Native DevTools as your default tool. Tip: Type [1mj[22m in the terminal to open (requires Google Chrome or Microsoft Edge).[27m
[117D[2K[7m[37m[1m (NOBRIDGE) LOG [22m[39m[27m Bridgeless mode is enabled
[117D[2K[7m[33m[1m (NOBRIDGE) WARN [22m[39m[27m [Reanimated] Reduced motion setting is enabled on this device. This warning is visible only in the development mode. Some animations will be disabled by default. You can override the behavior for individual animations, see https://docs.swmansion.com/react-native-reanimated/docs/guides/troubleshooting#reduced-motion-setting-is-enabled-on-this-device.
[7m[37m[1m INFO [22m[39m[27m 
[7m [1m💡 JavaScript logs will be removed from Metro in React Native 0.77![22m Please use React Native DevTools as your default tool. Tip: Type [1mj[22m in the terminal to open (requires Google Chrome or Microsoft Edge).[27m
[117D[2K[7m[37m[1m (NOBRIDGE) LOG [22m[39m[27m ======== *182*1*1*0785434410*6000# {"immediatePhoneCall": [Function immediatePhoneCall]}
[117D[2K[7m[37m[1m (NOBRIDGE) LOG [22m[39m[27m Error making a call [TypeError: Cannot read property 'immediatePhoneCall' of null]
[117D[2K[7m[37m[1m (NOBRIDGE) LOG [22m[39m[27m ======== *182*1*1*0785434410*6000# {"immediatePhoneCall": [Function immediatePhoneCall]}
[117D[2K[7m[37m[1m (NOBRIDGE) LOG [22m[39m[27m Error making a call [TypeError: Cannot read property 'immediatePhoneCall' of null]
[117D[2K[7m[37m[1m (NOBRIDGE) LOG [22m[39m[27m ======== *182*1*1*0785434410*6000# {"immediatePhoneCall": [Function immediatePhoneCall]}
[?25l[37m⠋[39m Stopping server[2K[1G[37m⠙[39m Stopping server[2K[1G[37m⠹[39m Stopping server[2K[1G[37m⠸[39m Stopping server[2K[1G[37m⠼[39m Stopping server[2K[1G[37m⠴[39m Stopping server[2K[1G[37m⠦[39m Stopping server[2K[1G[37m⠧[39m Stopping server[2K[1G[37m⠇[39m Stopping server[2K[1G[37m⠏[39m Stopping server[2K[1G[37m⠋[39m Stopping server[2K[1G[37m⠙[39m Stopping server[2K[1G[37m⠹[39m Stopping server[2K[1G[37m⠸[39m Stopping server[2K[1G[37m⠼[39m Stopping server[2K[1G[37m⠴[39m Stopping server[2K[1G[37m⠦[39m Stopping server[2K[1G[37m⠧[39m Stopping server[2K[1G[37m⠇[39m Stopping server[2K[1G[37m⠏[39m Stopping server[2K[1G[37m⠋[39m Stopping server[2K[1G[37m⠙[39m Stopping server[2K[1G[37m⠹[39m Stopping server[2K[1G[37m⠸[39m Stopping server[2K[1G[37m⠼[39m Stopping server[2K[1G[37m⠴[39m Stopping server[2K[1G[37m⠦[39m Stopping server[2K[1G[37m⠧[39m Stopping server[2K[1G[37m⠇[39m Stopping server[2K[1G[37m⠏[39m Stopping server[2K[1G[37m⠋[39m Stopping server[2K[1G[37m⠙[39m Stopping server[2K[1G[37m⠹[39m Stopping server[2K[1G[37m⠸[39m Stopping server[2K[1G[37m⠼[39m Stopping server[2K[1G[37m⠴[39m Stopping server[2K[1G[37m⠦[39m Stopping server[2K[1G[37m⠧[39m Stopping server[2K[1G[37m⠇[39m Stopping server[2K[1G[37m⠏[39m Stopping server[2K[1G[37m⠋[39m Stopping server[2K[1G[37m⠙[39m Stopping server[2K[1G[37m⠹[39m Stopping server[2K[1G[37m⠸[39m Stopping server[2K[1G[37m⠼[39m Stopping server[2K[1G[37m⠴[39m Stopping server[2K[1G[37m⠦[39m Stopping server[2K[1G[37m⠧[39m Stopping server[2K[1G[37m⠇[39m Stopping server[2K[1G[37m⠏[39m Stopping server[2K[1G[37m⠋[39m Stopping server[2K[1G[37m⠙[39m Stopping server[2K[1G[37m⠹[39m Stopping server[2K[1G[37m⠸[39m Stopping server[2K[1G[37m⠼[39m Stopping server[2K[1G[37m⠴[39m Stopping server[2K[1G[?25h› Stopped server
[?25h
Command exit status: 0
Script done on Sun Feb 23 21:59:13 2025
